<?xml version="1.0" encoding="UTF-8"?>
<!-- Generated by org.testng.reporters.JUnitReportReporter -->
<testsuite hostname="MacBook-Pro.local" failures="0" tests="8" name="com.qa.tests.CB_001_E68_PendingUndoPending" time="30.114" errors="1" timestamp="03 Feb 2021 08:04:41 GMT" skipped="7">
  <testcase classname="com.qa.tests.CB_001_E68_PendingUndoPending" name="test1_MasterListPage_Loaded" time="30.114">
    <error message="Expected condition failed: waiting for presence of any elements located by By.className: sapMTextMaxLine (tried for 30 second(s) with 5000 milliseconds interval)
Build info: version: &#039;3.141.59&#039;, revision: &#039;e82be7d358&#039;, time: &#039;2018-11-14T08:17:03&#039;
System info: host: &#039;MacBook-Pro.local&#039;, ip: &#039;fe80:0:0:0:89e:1f46:1875:6b45%en0&#039;, os.name: &#039;Mac OS X&#039;, os.arch: &#039;x86_64&#039;, os.version: &#039;10.16&#039;, java.version: &#039;11.0.1&#039;
Driver info: driver.version: unknown" type="org.openqa.selenium.TimeoutException">
      <![CDATA[org.openqa.selenium.TimeoutException: Expected condition failed: waiting for presence of any elements located by By.className: sapMTextMaxLine (tried for 30 second(s) with 5000 milliseconds interval)
Build info: version: '3.141.59', revision: 'e82be7d358', time: '2018-11-14T08:17:03'
System info: host: 'MacBook-Pro.local', ip: 'fe80:0:0:0:89e:1f46:1875:6b45%en0', os.name: 'Mac OS X', os.arch: 'x86_64', os.version: '10.16', java.version: '11.0.1'
Driver info: driver.version: unknown
at org.openqa.selenium.support.ui.FluentWait.timeoutException(FluentWait.java:304)
at org.openqa.selenium.support.ui.FluentWait.until(FluentWait.java:272)
at com.aspirehr.util.SeleniumUtil.findElementListByClassName(SeleniumUtil.java:113)
at com.aspirehr.pagefactory.MasterListPage.getMasterList(MasterListPage.java:51)
at com.qa.tests.CB_001_E68_PendingUndoPending.test1_MasterListPage_Loaded(CB_001_E68_PendingUndoPending.java:143)
at java.base/jdk.internal.reflect.NativeMethodAccessorImpl.invoke0(Native Method)
at java.base/jdk.internal.reflect.NativeMethodAccessorImpl.invoke(NativeMethodAccessorImpl.java:62)
at java.base/jdk.internal.reflect.DelegatingMethodAccessorImpl.invoke(DelegatingMethodAccessorImpl.java:43)
at java.base/java.lang.reflect.Method.invoke(Method.java:566)
at org.testng.internal.MethodInvocationHelper.invokeMethod(MethodInvocationHelper.java:124)
at org.testng.internal.Invoker.invokeMethod(Invoker.java:583)
at org.testng.internal.Invoker.invokeTestMethod(Invoker.java:719)
at org.testng.internal.Invoker.invokeTestMethods(Invoker.java:989)
at org.testng.internal.TestMethodWorker.invokeTestMethods(TestMethodWorker.java:125)
at org.testng.internal.TestMethodWorker.run(TestMethodWorker.java:109)
at org.testng.TestRunner.privateRun(TestRunner.java:648)
at org.testng.TestRunner.run(TestRunner.java:505)
at org.testng.SuiteRunner.runTest(SuiteRunner.java:455)
at org.testng.SuiteRunner.runSequentially(SuiteRunner.java:450)
at org.testng.SuiteRunner.privateRun(SuiteRunner.java:415)
at org.testng.SuiteRunner.run(SuiteRunner.java:364)
at org.testng.SuiteRunnerWorker.runSuite(SuiteRunnerWorker.java:52)
at org.testng.SuiteRunnerWorker.run(SuiteRunnerWorker.java:84)
at org.testng.TestNG.runSuitesSequentially(TestNG.java:1208)
at org.testng.TestNG.runSuitesLocally(TestNG.java:1137)
at org.testng.TestNG.runSuites(TestNG.java:1049)
at org.testng.TestNG.run(TestNG.java:1017)
at org.testng.remote.AbstractRemoteTestNG.run(AbstractRemoteTestNG.java:115)
at org.testng.remote.RemoteTestNG.initAndRun(RemoteTestNG.java:251)
at org.testng.remote.RemoteTestNG.main(RemoteTestNG.java:77)
]]>
    </error>
  </testcase> <!-- test1_MasterListPage_Loaded -->
  <testcase classname="com.qa.tests.CB_001_E68_PendingUndoPending" name="test20_NewHire_PersonalData" time="0.000">
    <skipped/>
  </testcase> <!-- test20_NewHire_PersonalData -->
  <testcase classname="com.qa.tests.CB_001_E68_PendingUndoPending" name="test33_PlanDetails" time="0.000">
    <skipped/>
  </testcase> <!-- test33_PlanDetails -->
  <testcase classname="com.qa.tests.CB_001_E68_PendingUndoPending" name="test34_EnrollPlanPending" time="0.000">
    <skipped/>
  </testcase> <!-- test34_EnrollPlanPending -->
  <testcase classname="com.qa.tests.CB_001_E68_PendingUndoPending" name="test35_PlanUndoPending" time="0.000">
    <skipped/>
  </testcase> <!-- test35_PlanUndoPending -->
  <testcase classname="com.qa.tests.CB_001_E68_PendingUndoPending" name="test36_PlanDetails" time="0.000">
    <skipped/>
  </testcase> <!-- test36_PlanDetails -->
  <testcase classname="com.qa.tests.CB_001_E68_PendingUndoPending" name="test37_EnrollPlanPending" time="0.000">
    <skipped/>
  </testcase> <!-- test37_EnrollPlanPending -->
  <testcase classname="com.qa.tests.CB_001_E68_PendingUndoPending" name="test38_PlanUndoPending" time="0.000">
    <skipped/>
  </testcase> <!-- test38_PlanUndoPending -->
</testsuite> <!-- com.qa.tests.CB_001_E68_PendingUndoPending -->
